<?xml version="1.0" encoding="UTF-8"?>
<!-- Generated by org.testng.reporters.JUnitReportReporter -->
<testsuite hostname="LIN65001029" failures="0" tests="1" name="java8features.Program2" time="11.882" errors="0" timestamp="2021-10-29T16:50:32 IST" skipped="0">
  <testcase classname="java8features.Program2" name="test" time="11.882"/>
</testsuite> <!-- java8features.Program2 -->
