<?xml version="1.0" encoding="UTF-8"?>
<!-- Generated by org.testng.reporters.JUnitReportReporter -->
<testsuite hostname="LIN65001029" failures="0" tests="1" name="java8features.StateelemenTest" time="14.610" errors="0" timestamp="2021-10-29T10:06:27 IST" skipped="0">
  <testcase classname="java8features.StateelemenTest" name="test" time="14.610"/>
</testsuite> <!-- java8features.StateelemenTest -->
