<?xml version="1.0" encoding="UTF-8"?>
<!-- Generated by org.testng.reporters.JUnitReportReporter -->
<testsuite hostname="LIN65001029" failures="0" tests="1" name="questions.Dropdown" time="16.031" errors="0" timestamp="2021-09-19T15:49:02 IST" skipped="0">
  <testcase classname="questions.Dropdown" name="selectingMultipleValues" time="16.031"/>
</testsuite> <!-- questions.Dropdown -->
