<?xml version="1.0" encoding="UTF-8"?>
<!-- Generated by org.testng.reporters.JUnitReportReporter -->
<testsuite hostname="LIN65001029" failures="0" tests="1" name="questions.HandlingSVGElements" time="15.787" errors="0" timestamp="2021-10-01T15:30:30 IST" skipped="0">
  <testcase classname="questions.HandlingSVGElements" name="handlingSVGElements" time="15.787"/>
</testsuite> <!-- questions.HandlingSVGElements -->
