<?xml version="1.0" encoding="UTF-8"?>
<!-- Generated by org.testng.reporters.JUnitReportReporter -->
<testsuite hostname="LIN65001029" failures="0" tests="1" name="questions.CheckboxLables" time="5.733" errors="0" timestamp="2021-09-19T13:05:32 IST" skipped="0">
  <testcase classname="questions.CheckboxLables" name="getLabels" time="5.733"/>
</testsuite> <!-- questions.CheckboxLables -->
